SF:C:\Projetos\Curso\CursoTestesAutomatizados\CadFuncionario\src\CadFuncionario.Core\Services\NotificationService.cs
FN:18,System.Void CadFuncionario.Core.Services.NotificationService::Add(CadFuncionario.Core.DomainObjects.NotificationMessage)
FNDA:0,System.Void CadFuncionario.Core.Services.NotificationService::Add(CadFuncionario.Core.DomainObjects.NotificationMessage)
DA:19,0
FN:20,System.Void CadFuncionario.Core.Services.NotificationService::Add(FluentValidation.Results.ValidationFailure)
FNDA:0,System.Void CadFuncionario.Core.Services.NotificationService::Add(FluentValidation.Results.ValidationFailure)
DA:21,0
FN:22,System.Collections.Generic.List`1<CadFuncionario.Core.DomainObjects.NotificationMessage> CadFuncionario.Core.Services.NotificationService::GetMessages()
FNDA:0,System.Collections.Generic.List`1<CadFuncionario.Core.DomainObjects.NotificationMessage> CadFuncionario.Core.Services.NotificationService::GetMessages()
DA:23,0
FN:24,System.Collections.Generic.List`1<FluentValidation.Results.ValidationFailure> CadFuncionario.Core.Services.NotificationService::GetValidationFailures()
FNDA:0,System.Collections.Generic.List`1<FluentValidation.Results.ValidationFailure> CadFuncionario.Core.Services.NotificationService::GetValidationFailures()
DA:25,0
FN:28,System.Void CadFuncionario.Core.Services.NotificationService::Clear()
FNDA:0,System.Void CadFuncionario.Core.Services.NotificationService::Clear()
DA:29,0
DA:30,0
DA:31,0
DA:32,0
FN:12,System.Void CadFuncionario.Core.Services.NotificationService::.ctor()
FNDA:0,System.Void CadFuncionario.Core.Services.NotificationService::.ctor()
DA:13,0
DA:14,0
DA:15,0
DA:16,0
LF:12
LH:0
BRF:0
BRH:0
FNF:6
FNH:0
end_of_record
SF:C:\Projetos\Curso\CursoTestesAutomatizados\CadFuncionario\src\CadFuncionario.Core\DomainObjects\NotificationMessage.cs
FN:9,System.String CadFuncionario.Core.DomainObjects.NotificationMessage::get_Message()
FNDA:0,System.String CadFuncionario.Core.DomainObjects.NotificationMessage::get_Message()
DA:10,0
FN:4,System.Void CadFuncionario.Core.DomainObjects.NotificationMessage::.ctor(System.String)
FNDA:0,System.Void CadFuncionario.Core.DomainObjects.NotificationMessage::.ctor(System.String)
DA:5,0
DA:6,0
DA:7,0
DA:8,0
LF:5
LH:0
BRF:0
BRH:0
FNF:2
FNH:0
end_of_record
SF:C:\Projetos\Curso\CursoTestesAutomatizados\CadFuncionario\src\CadFuncionario.Domain\Entities\Funcionario.cs
FN:20,System.Guid CadFuncionario.Domain.Entities.Funcionario::get_FuncionarioId()
FNDA:7,System.Guid CadFuncionario.Domain.Entities.Funcionario::get_FuncionarioId()
DA:21,7
FN:21,System.Guid CadFuncionario.Domain.Entities.Funcionario::get_StepProfissaoId()
FNDA:9,System.Guid CadFuncionario.Domain.Entities.Funcionario::get_StepProfissaoId()
DA:22,9
FN:22,System.String CadFuncionario.Domain.Entities.Funcionario::get_Cpf()
FNDA:6,System.String CadFuncionario.Domain.Entities.Funcionario::get_Cpf()
DA:23,6
FN:23,System.String CadFuncionario.Domain.Entities.Funcionario::get_Rg()
FNDA:6,System.String CadFuncionario.Domain.Entities.Funcionario::get_Rg()
DA:24,6
FN:24,System.String CadFuncionario.Domain.Entities.Funcionario::get_Nome()
FNDA:6,System.String CadFuncionario.Domain.Entities.Funcionario::get_Nome()
DA:25,6
FN:25,System.String CadFuncionario.Domain.Entities.Funcionario::get_Ctps()
FNDA:6,System.String CadFuncionario.Domain.Entities.Funcionario::get_Ctps()
DA:26,6
FN:26,System.Nullable`1<System.DateTime> CadFuncionario.Domain.Entities.Funcionario::get_DataNascimento()
FNDA:18,System.Nullable`1<System.DateTime> CadFuncionario.Domain.Entities.Funcionario::get_DataNascimento()
DA:27,18
FN:28,CadFuncionario.Domain.Entities.StepProfissao CadFuncionario.Domain.Entities.Funcionario::get_StepProfissao()
FNDA:0,CadFuncionario.Domain.Entities.StepProfissao CadFuncionario.Domain.Entities.Funcionario::get_StepProfissao()
DA:29,0
FN:31,System.Void CadFuncionario.Domain.Entities.Funcionario::AlterarStep(System.Guid)
FNDA:1,System.Void CadFuncionario.Domain.Entities.Funcionario::AlterarStep(System.Guid)
DA:32,1
DA:33,1
DA:34,1
FN:36,System.Void CadFuncionario.Domain.Entities.Funcionario::AlterarDataNascimento(System.Nullable`1<System.DateTime>)
FNDA:2,System.Void CadFuncionario.Domain.Entities.Funcionario::AlterarDataNascimento(System.Nullable`1<System.DateTime>)
DA:37,2
DA:38,2
DA:39,2
FN:41,System.String CadFuncionario.Domain.Entities.Funcionario::ObterMensagemAniversario()
FNDA:3,System.String CadFuncionario.Domain.Entities.Funcionario::ObterMensagemAniversario()
DA:42,3
DA:43,3
DA:44,1
DA:46,2
DA:47,2
DA:48,2
DA:49,2
DA:50,2
DA:51,3
BRDA:43,20,0,1
BRDA:43,20,1,2
BRDA:47,65,0,1
BRDA:47,65,1,1
BRDA:47,97,0,1
BRDA:47,97,1,1
FN:7,System.Void CadFuncionario.Domain.Entities.Funcionario::.ctor(System.Guid,System.Guid,System.String,System.String,System.String,System.String,System.Nullable`1<System.DateTime>)
FNDA:6,System.Void CadFuncionario.Domain.Entities.Funcionario::.ctor(System.Guid,System.Guid,System.String,System.String,System.String,System.String,System.Nullable`1<System.DateTime>)
DA:8,6
DA:9,6
DA:10,6
DA:11,6
DA:12,6
DA:13,6
DA:14,6
DA:15,6
DA:16,6
DA:17,6
DA:18,6
DA:19,6
BRDA:10,20,0,6
BRDA:10,20,1,0
LF:35
LH:34
BRF:8
BRH:7
FNF:12
FNH:11
end_of_record
SF:C:\Projetos\Curso\CursoTestesAutomatizados\CadFuncionario\src\CadFuncionario.Domain\Entities\Profissao.cs
FN:18,System.Guid CadFuncionario.Domain.Entities.Profissao::get_ProfissaoId()
FNDA:3,System.Guid CadFuncionario.Domain.Entities.Profissao::get_ProfissaoId()
DA:19,3
FN:19,System.String CadFuncionario.Domain.Entities.Profissao::get_Descricao()
FNDA:2,System.String CadFuncionario.Domain.Entities.Profissao::get_Descricao()
DA:20,2
FN:22,System.Decimal CadFuncionario.Domain.Entities.Profissao::get_SalarioBase()
FNDA:5,System.Decimal CadFuncionario.Domain.Entities.Profissao::get_SalarioBase()
DA:23,5
FN:24,System.Collections.Generic.ICollection`1<CadFuncionario.Domain.Entities.StepProfissao> CadFuncionario.Domain.Entities.Profissao::get_StepProfissoes()
FNDA:0,System.Collections.Generic.ICollection`1<CadFuncionario.Domain.Entities.StepProfissao> CadFuncionario.Domain.Entities.Profissao::get_StepProfissoes()
DA:25,0
FN:27,System.Void CadFuncionario.Domain.Entities.Profissao::AlterarSalarioBase(System.Decimal)
FNDA:1,System.Void CadFuncionario.Domain.Entities.Profissao::AlterarSalarioBase(System.Decimal)
DA:28,1
DA:29,1
DA:30,1
FN:32,System.Void CadFuncionario.Domain.Entities.Profissao::AlterarDescricao(System.String)
FNDA:0,System.Void CadFuncionario.Domain.Entities.Profissao::AlterarDescricao(System.String)
DA:33,0
DA:34,0
DA:35,0
FN:9,System.Void CadFuncionario.Domain.Entities.Profissao::.ctor(System.Guid,System.String,System.Decimal)
FNDA:2,System.Void CadFuncionario.Domain.Entities.Profissao::.ctor(System.Guid,System.String,System.Decimal)
DA:10,2
DA:11,2
DA:12,2
DA:13,2
DA:14,2
DA:15,2
DA:16,2
DA:17,2
BRDA:12,20,0,0
BRDA:12,20,1,2
LF:18
LH:14
BRF:2
BRH:1
FNF:7
FNH:5
end_of_record
SF:C:\Projetos\Curso\CursoTestesAutomatizados\CadFuncionario\src\CadFuncionario.Domain\Entities\StepProfissao.cs
FN:17,System.Guid CadFuncionario.Domain.Entities.StepProfissao::get_StepProfissaoId()
FNDA:3,System.Guid CadFuncionario.Domain.Entities.StepProfissao::get_StepProfissaoId()
DA:18,3
FN:18,System.Guid CadFuncionario.Domain.Entities.StepProfissao::get_ProfissaoId()
FNDA:2,System.Guid CadFuncionario.Domain.Entities.StepProfissao::get_ProfissaoId()
DA:19,2
FN:19,System.Decimal CadFuncionario.Domain.Entities.StepProfissao::get_PercentualAumento()
FNDA:5,System.Decimal CadFuncionario.Domain.Entities.StepProfissao::get_PercentualAumento()
DA:20,5
FN:21,CadFuncionario.Domain.Entities.Profissao CadFuncionario.Domain.Entities.StepProfissao::get_Profissao()
FNDA:0,CadFuncionario.Domain.Entities.Profissao CadFuncionario.Domain.Entities.StepProfissao::get_Profissao()
DA:22,0
FN:22,System.Collections.Generic.ICollection`1<CadFuncionario.Domain.Entities.Funcionario> CadFuncionario.Domain.Entities.StepProfissao::get_Funcionarios()
FNDA:0,System.Collections.Generic.ICollection`1<CadFuncionario.Domain.Entities.Funcionario> CadFuncionario.Domain.Entities.StepProfissao::get_Funcionarios()
DA:23,0
FN:26,System.Void CadFuncionario.Domain.Entities.StepProfissao::AlterarPercentualAumento(System.Decimal)
FNDA:1,System.Void CadFuncionario.Domain.Entities.StepProfissao::AlterarPercentualAumento(System.Decimal)
DA:27,1
DA:28,1
DA:29,1
FN:8,System.Void CadFuncionario.Domain.Entities.StepProfissao::.ctor(System.Guid,System.Guid,System.Decimal)
FNDA:2,System.Void CadFuncionario.Domain.Entities.StepProfissao::.ctor(System.Guid,System.Guid,System.Decimal)
DA:9,2
DA:10,2
DA:11,2
DA:12,2
DA:13,2
DA:14,2
DA:15,2
DA:16,2
BRDA:11,20,0,0
BRDA:11,20,1,2
LF:16
LH:14
BRF:2
BRH:1
FNF:7
FNH:5
end_of_record