SF:C:\Projetos\Aulas-PontoSys\Testes de software\CadFuncionario\src\CadFuncionario.Api\Program.cs
FN:14,System.Void CadFuncionario.Api.Program::Main(System.String[])
FNDA:0,System.Void CadFuncionario.Api.Program::Main(System.String[])
DA:15,0
DA:16,0
DA:17,0
FN:19,Microsoft.Extensions.Hosting.IHostBuilder CadFuncionario.Api.Program::CreateHostBuilder(System.String[])
FNDA:1,Microsoft.Extensions.Hosting.IHostBuilder CadFuncionario.Api.Program::CreateHostBuilder(System.String[])
DA:20,1
DA:21,1
DA:22,1
DA:23,1
DA:24,2
LF:8
LH:5
BRF:0
BRH:0
FNF:2
FNH:1
end_of_record
SF:C:\Projetos\Aulas-PontoSys\Testes de software\CadFuncionario\src\CadFuncionario.Api\Startup.cs
FN:18,Microsoft.Extensions.Configuration.IConfiguration CadFuncionario.Api.Startup::get_Configuration()
FNDA:2,Microsoft.Extensions.Configuration.IConfiguration CadFuncionario.Api.Startup::get_Configuration()
DA:19,2
FN:22,System.Void CadFuncionario.Api.Startup::ConfigureServices(Microsoft.Extensions.DependencyInjection.IServiceCollection)
FNDA:2,System.Void CadFuncionario.Api.Startup::ConfigureServices(Microsoft.Extensions.DependencyInjection.IServiceCollection)
DA:23,2
DA:24,2
DA:25,2
DA:26,2
FN:29,System.Void CadFuncionario.Api.Startup::Configure(Microsoft.AspNetCore.Builder.IApplicationBuilder,Microsoft.AspNetCore.Hosting.IWebHostEnvironment)
FNDA:1,System.Void CadFuncionario.Api.Startup::Configure(Microsoft.AspNetCore.Builder.IApplicationBuilder,Microsoft.AspNetCore.Hosting.IWebHostEnvironment)
DA:30,1
DA:31,1
DA:32,0
DA:33,0
DA:34,0
DA:35,0
DA:36,0
DA:38,1
DA:40,1
DA:41,1
DA:42,1
DA:43,1
DA:44,1
DA:45,1
DA:46,2
DA:47,1
BRDA:31,9,0,0
BRDA:31,9,1,1
FN:13,System.Void CadFuncionario.Api.Startup::.ctor(Microsoft.Extensions.Configuration.IConfiguration)
FNDA:2,System.Void CadFuncionario.Api.Startup::.ctor(Microsoft.Extensions.Configuration.IConfiguration)
DA:14,2
DA:15,2
DA:16,2
DA:17,2
LF:25
LH:20
BRF:2
BRH:1
FNF:4
FNH:4
end_of_record
SF:C:\Projetos\Aulas-PontoSys\Testes de software\CadFuncionario\src\CadFuncionario.Api\Middlewares\ErrorHandlingMiddleware.cs
FN:30,System.Threading.Tasks.Task CadFuncionario.Api.Middlewares.ErrorHandlingMiddleware::HandleExceptionAsync(Microsoft.AspNetCore.Http.HttpContext,System.Exception)
FNDA:0,System.Threading.Tasks.Task CadFuncionario.Api.Middlewares.ErrorHandlingMiddleware::HandleExceptionAsync(Microsoft.AspNetCore.Http.HttpContext,System.Exception)
DA:31,0
DA:32,0
DA:34,0
DA:35,0
DA:36,0
DA:37,0
FN:12,System.Void CadFuncionario.Api.Middlewares.ErrorHandlingMiddleware::.ctor(Microsoft.AspNetCore.Http.RequestDelegate)
FNDA:1,System.Void CadFuncionario.Api.Middlewares.ErrorHandlingMiddleware::.ctor(Microsoft.AspNetCore.Http.RequestDelegate)
DA:13,1
DA:14,1
DA:15,1
DA:16,1
FN:18,System.Void CadFuncionario.Api.Middlewares.ErrorHandlingMiddleware/<Invoke>d__2::MoveNext()
FNDA:7,System.Void CadFuncionario.Api.Middlewares.ErrorHandlingMiddleware/<Invoke>d__2::MoveNext()
DA:19,7
DA:21,7
DA:22,7
DA:23,7
DA:24,0
DA:25,0
DA:26,0
DA:27,0
DA:28,7
LF:19
LH:9
BRF:0
BRH:0
FNF:3
FNH:2
end_of_record
SF:C:\Projetos\Aulas-PontoSys\Testes de software\CadFuncionario\src\CadFuncionario.Api\Controllers\MainController.cs
FN:17,Microsoft.AspNetCore.Mvc.ActionResult CadFuncionario.Api.Controllers.MainController::Result(System.Object)
FNDA:7,Microsoft.AspNetCore.Mvc.ActionResult CadFuncionario.Api.Controllers.MainController::Result(System.Object)
DA:18,7
DA:19,7
DA:20,0
DA:22,7
DA:23,0
DA:24,0
DA:26,7
DA:27,7
BRDA:19,19,0,0
BRDA:19,19,1,7
BRDA:22,95,0,0
BRDA:22,95,1,7
FN:11,System.Void CadFuncionario.Api.Controllers.MainController::.ctor(CadFuncionario.Core.Services.Interfaces.INotificationService)
FNDA:7,System.Void CadFuncionario.Api.Controllers.MainController::.ctor(CadFuncionario.Core.Services.Interfaces.INotificationService)
DA:12,7
DA:13,7
DA:14,7
DA:15,7
LF:12
LH:9
BRF:4
BRH:2
FNF:2
FNH:2
end_of_record
SF:C:\Projetos\Aulas-PontoSys\Testes de software\CadFuncionario\src\CadFuncionario.Api\Controllers\V1\ProfissaoController.cs
FN:18,System.Void CadFuncionario.Api.Controllers.V1.ProfissaoController::.ctor(CadFuncionario.Core.Services.Interfaces.INotificationService,CadFuncionario.Application.Interfaces.IProfissaoAppService)
FNDA:7,System.Void CadFuncionario.Api.Controllers.V1.ProfissaoController::.ctor(CadFuncionario.Core.Services.Interfaces.INotificationService,CadFuncionario.Application.Interfaces.IProfissaoAppService)
DA:19,7
DA:20,7
DA:21,7
DA:22,7
FN:25,System.Void CadFuncionario.Api.Controllers.V1.ProfissaoController/<Adicionar>d__2::MoveNext()
FNDA:1,System.Void CadFuncionario.Api.Controllers.V1.ProfissaoController/<Adicionar>d__2::MoveNext()
DA:26,1
DA:27,1
DA:28,1
FN:31,System.Void CadFuncionario.Api.Controllers.V1.ProfissaoController/<AdicionarStep>d__3::MoveNext()
FNDA:1,System.Void CadFuncionario.Api.Controllers.V1.ProfissaoController/<AdicionarStep>d__3::MoveNext()
DA:32,1
DA:33,1
DA:34,1
FN:37,System.Void CadFuncionario.Api.Controllers.V1.ProfissaoController/<Atualizar>d__4::MoveNext()
FNDA:1,System.Void CadFuncionario.Api.Controllers.V1.ProfissaoController/<Atualizar>d__4::MoveNext()
DA:38,1
DA:39,1
DA:40,1
FN:43,System.Void CadFuncionario.Api.Controllers.V1.ProfissaoController/<AtualizarStep>d__5::MoveNext()
FNDA:1,System.Void CadFuncionario.Api.Controllers.V1.ProfissaoController/<AtualizarStep>d__5::MoveNext()
DA:44,1
DA:45,1
DA:46,1
FN:49,System.Void CadFuncionario.Api.Controllers.V1.ProfissaoController/<Obter>d__6::MoveNext()
FNDA:1,System.Void CadFuncionario.Api.Controllers.V1.ProfissaoController/<Obter>d__6::MoveNext()
DA:50,1
DA:51,1
DA:52,1
FN:55,System.Void CadFuncionario.Api.Controllers.V1.ProfissaoController/<ObterStep>d__7::MoveNext()
FNDA:1,System.Void CadFuncionario.Api.Controllers.V1.ProfissaoController/<ObterStep>d__7::MoveNext()
DA:56,1
DA:57,1
DA:58,1
FN:61,System.Void CadFuncionario.Api.Controllers.V1.ProfissaoController/<ObterTodos>d__8::MoveNext()
FNDA:1,System.Void CadFuncionario.Api.Controllers.V1.ProfissaoController/<ObterTodos>d__8::MoveNext()
DA:62,1
DA:63,1
DA:64,1
LF:25
LH:25
BRF:0
BRH:0
FNF:8
FNH:8
end_of_record
SF:C:\Projetos\Aulas-PontoSys\Testes de software\CadFuncionario\src\CadFuncionario.Api\Configurations\ServicesConfiguration.cs
FN:15,System.Void CadFuncionario.Api.Configurations.ServicesConfiguration::RegisterServicesApi(Microsoft.Extensions.DependencyInjection.IServiceCollection,Microsoft.Extensions.Configuration.IConfiguration)
FNDA:2,System.Void CadFuncionario.Api.Configurations.ServicesConfiguration::RegisterServicesApi(Microsoft.Extensions.DependencyInjection.IServiceCollection,Microsoft.Extensions.Configuration.IConfiguration)
DA:16,2
DA:17,2
DA:18,2
DA:19,2
DA:20,2
DA:21,2
DA:22,2
DA:23,4
DA:25,2
DA:26,2
DA:27,2
DA:28,2
DA:29,2
DA:30,4
DA:31,4
DA:33,2
DA:35,2
DA:36,14
DA:37,2
DA:39,2
DA:40,2
DA:41,4
DA:43,2
DA:44,0
DA:45,0
DA:46,2
DA:47,2
LF:27
LH:25
BRF:0
BRH:0
FNF:1
FNH:1
end_of_record
SF:C:\Projetos\Aulas-PontoSys\Testes de software\CadFuncionario\src\CadFuncionario.AppService.cs\AppServiceBase.cs
FN:17,System.Boolean CadFuncionario.Application.AppServiceBase::Validar(TV,TE)
FNDA:4,System.Boolean CadFuncionario.Application.AppServiceBase::Validar(TV,TE)
DA:18,4
DA:19,4
DA:20,4
DA:21,4
DA:23,0
DA:24,0
DA:25,4
BRDA:20,22,0,4
BRDA:20,22,1,0
FN:26,System.Void CadFuncionario.Application.AppServiceBase::Notify(System.String)
FNDA:0,System.Void CadFuncionario.Application.AppServiceBase::Notify(System.String)
DA:27,0
FN:28,System.Void CadFuncionario.Application.AppServiceBase::Notify(FluentValidation.Results.ValidationResult)
FNDA:0,System.Void CadFuncionario.Application.AppServiceBase::Notify(FluentValidation.Results.ValidationResult)
DA:29,0
FN:30,System.Void CadFuncionario.Application.AppServiceBase::Notify(System.String,System.String)
FNDA:0,System.Void CadFuncionario.Application.AppServiceBase::Notify(System.String,System.String)
DA:31,0
FN:11,System.Void CadFuncionario.Application.AppServiceBase::.ctor(CadFuncionario.Core.Services.Interfaces.INotificationService)
FNDA:7,System.Void CadFuncionario.Application.AppServiceBase::.ctor(CadFuncionario.Core.Services.Interfaces.INotificationService)
DA:12,7
DA:13,7
DA:14,7
DA:15,7
LF:14
LH:9
BRF:2
BRH:1
FNF:5
FNH:2
end_of_record
SF:C:\Projetos\Aulas-PontoSys\Testes de software\CadFuncionario\src\CadFuncionario.AppService.cs\ProfissaoAppService.cs
FN:82,System.Void CadFuncionario.Application.ProfissaoAppService::Dispose()
FNDA:7,System.Void CadFuncionario.Application.ProfissaoAppService::Dispose()
DA:83,7
DA:84,7
DA:85,7
BRDA:84,8,0,0
BRDA:84,8,1,7
FN:16,System.Void CadFuncionario.Application.ProfissaoAppService::.ctor(CadFuncionario.Core.Services.Interfaces.INotificationService,CadFuncionario.Domain.Interfaces.Data.IProfissaoRepository)
FNDA:7,System.Void CadFuncionario.Application.ProfissaoAppService::.ctor(CadFuncionario.Core.Services.Interfaces.INotificationService,CadFuncionario.Domain.Interfaces.Data.IProfissaoRepository)
DA:17,7
DA:18,7
DA:19,7
DA:20,7
FN:23,System.Void CadFuncionario.Application.ProfissaoAppService/<AdicionarAsync>d__2::MoveNext()
FNDA:1,System.Void CadFuncionario.Application.ProfissaoAppService/<AdicionarAsync>d__2::MoveNext()
DA:24,1
DA:25,1
DA:26,0
DA:28,1
DA:29,1
DA:30,1
BRDA:25,43,0,0
BRDA:25,43,1,1
FN:32,System.Void CadFuncionario.Application.ProfissaoAppService/<AdicionarStepAsync>d__3::MoveNext()
FNDA:1,System.Void CadFuncionario.Application.ProfissaoAppService/<AdicionarStepAsync>d__3::MoveNext()
DA:33,1
DA:34,1
DA:35,0
DA:37,1
DA:38,1
DA:39,1
BRDA:34,42,0,0
BRDA:34,42,1,1
FN:41,System.Void CadFuncionario.Application.ProfissaoAppService/<AtualizarAsync>d__4::MoveNext()
FNDA:1,System.Void CadFuncionario.Application.ProfissaoAppService/<AtualizarAsync>d__4::MoveNext()
DA:42,1
DA:43,1
DA:44,0
DA:46,1
DA:47,1
DA:48,1
BRDA:43,43,0,0
BRDA:43,43,1,1
FN:50,System.Void CadFuncionario.Application.ProfissaoAppService/<AtualizarStepAsync>d__5::MoveNext()
FNDA:1,System.Void CadFuncionario.Application.ProfissaoAppService/<AtualizarStepAsync>d__5::MoveNext()
DA:51,1
DA:52,1
DA:53,0
DA:55,1
DA:56,1
DA:57,1
BRDA:52,42,0,0
BRDA:52,42,1,1
FN:59,System.Void CadFuncionario.Application.ProfissaoAppService/<ObterAsync>d__6::MoveNext()
FNDA:1,System.Void CadFuncionario.Application.ProfissaoAppService/<ObterAsync>d__6::MoveNext()
DA:60,1
DA:61,1
DA:62,1
DA:64,0
DA:65,0
DA:66,1
BRDA:61,33,0,1
BRDA:61,33,1,0
FN:68,System.Void CadFuncionario.Application.ProfissaoAppService/<ObterStepAsync>d__7::MoveNext()
FNDA:1,System.Void CadFuncionario.Application.ProfissaoAppService/<ObterStepAsync>d__7::MoveNext()
DA:69,1
DA:70,1
DA:71,1
DA:73,0
DA:74,0
DA:75,1
BRDA:70,33,0,1
BRDA:70,33,1,0
FN:77,System.Void CadFuncionario.Application.ProfissaoAppService/<ObterTodosAsync>d__8::MoveNext()
FNDA:1,System.Void CadFuncionario.Application.ProfissaoAppService/<ObterTodosAsync>d__8::MoveNext()
DA:78,1
DA:79,1
DA:80,1
LF:46
LH:38
BRF:14
BRH:7
FNF:9
FNH:9
end_of_record
SF:c:\Projetos\Aulas-PontoSys\Testes de software\CadFuncionario\src\CadFuncionario.Core\Services\NotificationService.cs
FN:18,System.Void CadFuncionario.Core.Services.NotificationService::Add(CadFuncionario.Core.DomainObjects.NotificationMessage)
FNDA:0,System.Void CadFuncionario.Core.Services.NotificationService::Add(CadFuncionario.Core.DomainObjects.NotificationMessage)
DA:19,0
FN:20,System.Void CadFuncionario.Core.Services.NotificationService::Add(FluentValidation.Results.ValidationFailure)
FNDA:0,System.Void CadFuncionario.Core.Services.NotificationService::Add(FluentValidation.Results.ValidationFailure)
DA:21,0
FN:22,System.Collections.Generic.List`1<CadFuncionario.Core.DomainObjects.NotificationMessage> CadFuncionario.Core.Services.NotificationService::GetMessages()
FNDA:7,System.Collections.Generic.List`1<CadFuncionario.Core.DomainObjects.NotificationMessage> CadFuncionario.Core.Services.NotificationService::GetMessages()
DA:23,7
FN:24,System.Collections.Generic.List`1<FluentValidation.Results.ValidationFailure> CadFuncionario.Core.Services.NotificationService::GetValidationFailures()
FNDA:7,System.Collections.Generic.List`1<FluentValidation.Results.ValidationFailure> CadFuncionario.Core.Services.NotificationService::GetValidationFailures()
DA:25,7
FN:28,System.Void CadFuncionario.Core.Services.NotificationService::Clear()
FNDA:7,System.Void CadFuncionario.Core.Services.NotificationService::Clear()
DA:29,7
DA:30,7
DA:31,7
DA:32,7
FN:12,System.Void CadFuncionario.Core.Services.NotificationService::.ctor()
FNDA:7,System.Void CadFuncionario.Core.Services.NotificationService::.ctor()
DA:13,7
DA:14,7
DA:15,7
DA:16,7
LF:12
LH:10
BRF:0
BRH:0
FNF:6
FNH:4
end_of_record
SF:c:\Projetos\Aulas-PontoSys\Testes de software\CadFuncionario\src\CadFuncionario.Core\DomainObjects\NotificationMessage.cs
FN:9,System.String CadFuncionario.Core.DomainObjects.NotificationMessage::get_Message()
FNDA:0,System.String CadFuncionario.Core.DomainObjects.NotificationMessage::get_Message()
DA:10,0
FN:4,System.Void CadFuncionario.Core.DomainObjects.NotificationMessage::.ctor(System.String)
FNDA:0,System.Void CadFuncionario.Core.DomainObjects.NotificationMessage::.ctor(System.String)
DA:5,0
DA:6,0
DA:7,0
DA:8,0
LF:5
LH:0
BRF:0
BRH:0
FNF:2
FNH:0
end_of_record
SF:C:\Projetos\Aulas-PontoSys\Testes de software\CadFuncionario\src\CadFuncionario.Data\Context.cs
FN:13,Microsoft.EntityFrameworkCore.DbSet`1<CadFuncionario.Domain.Entities.Profissao> CadFuncionario.Data.Context::get_Profissoes()
FNDA:11,Microsoft.EntityFrameworkCore.DbSet`1<CadFuncionario.Domain.Entities.Profissao> CadFuncionario.Data.Context::get_Profissoes()
DA:14,11
FN:14,Microsoft.EntityFrameworkCore.DbSet`1<CadFuncionario.Domain.Entities.StepProfissao> CadFuncionario.Data.Context::get_StepProfissoes()
FNDA:10,Microsoft.EntityFrameworkCore.DbSet`1<CadFuncionario.Domain.Entities.StepProfissao> CadFuncionario.Data.Context::get_StepProfissoes()
DA:15,10
FN:15,Microsoft.EntityFrameworkCore.DbSet`1<CadFuncionario.Domain.Entities.Funcionario> CadFuncionario.Data.Context::get_Funcionarios()
FNDA:7,Microsoft.EntityFrameworkCore.DbSet`1<CadFuncionario.Domain.Entities.Funcionario> CadFuncionario.Data.Context::get_Funcionarios()
DA:16,7
FN:18,System.Void CadFuncionario.Data.Context::OnModelCreating(Microsoft.EntityFrameworkCore.ModelBuilder)
FNDA:1,System.Void CadFuncionario.Data.Context::OnModelCreating(Microsoft.EntityFrameworkCore.ModelBuilder)
DA:19,1
DA:20,1
DA:21,1
DA:22,1
DA:24,1
DA:25,1
FN:8,System.Void CadFuncionario.Data.Context::.ctor(Microsoft.EntityFrameworkCore.DbContextOptions)
FNDA:7,System.Void CadFuncionario.Data.Context::.ctor(Microsoft.EntityFrameworkCore.DbContextOptions)
DA:9,7
DA:10,7
DA:12,7
LF:12
LH:12
BRF:0
BRH:0
FNF:5
FNH:5
end_of_record
SF:C:\Projetos\Aulas-PontoSys\Testes de software\CadFuncionario\src\CadFuncionario.Data\Repositories\FuncionarioRepository.cs
FN:48,System.Void CadFuncionario.Data.Repositories.FuncionarioRepository::Dispose()
FNDA:0,System.Void CadFuncionario.Data.Repositories.FuncionarioRepository::Dispose()
DA:49,0
DA:50,0
DA:51,0
DA:52,0
FN:13,System.Void CadFuncionario.Data.Repositories.FuncionarioRepository::.ctor(CadFuncionario.Data.Context)
FNDA:0,System.Void CadFuncionario.Data.Repositories.FuncionarioRepository::.ctor(CadFuncionario.Data.Context)
DA:14,0
DA:15,0
DA:16,0
DA:17,0
FN:20,System.Void CadFuncionario.Data.Repositories.FuncionarioRepository/<AdicionarAsync>d__2::MoveNext()
FNDA:0,System.Void CadFuncionario.Data.Repositories.FuncionarioRepository/<AdicionarAsync>d__2::MoveNext()
DA:21,0
DA:22,0
DA:23,0
DA:24,0
FN:26,System.Void CadFuncionario.Data.Repositories.FuncionarioRepository/<AtualizarAsync>d__3::MoveNext()
FNDA:0,System.Void CadFuncionario.Data.Repositories.FuncionarioRepository/<AtualizarAsync>d__3::MoveNext()
DA:27,0
DA:28,0
DA:29,0
DA:30,0
FN:32,System.Void CadFuncionario.Data.Repositories.FuncionarioRepository/<ObterAsync>d__4::MoveNext()
FNDA:0,System.Void CadFuncionario.Data.Repositories.FuncionarioRepository/<ObterAsync>d__4::MoveNext()
DA:33,0
DA:34,0
DA:35,0
DA:36,0
DA:37,0
DA:38,0
FN:40,System.Void CadFuncionario.Data.Repositories.FuncionarioRepository/<ObterTodosAsync>d__5::MoveNext()
FNDA:0,System.Void CadFuncionario.Data.Repositories.FuncionarioRepository/<ObterTodosAsync>d__5::MoveNext()
DA:41,0
DA:42,0
DA:43,0
DA:44,0
DA:45,0
DA:46,0
LF:28
LH:0
BRF:0
BRH:0
FNF:6
FNH:0
end_of_record
SF:C:\Projetos\Aulas-PontoSys\Testes de software\CadFuncionario\src\CadFuncionario.Data\Repositories\ProfissaoRepository.cs
FN:69,System.Void CadFuncionario.Data.Repositories.ProfissaoRepository::Dispose()
FNDA:14,System.Void CadFuncionario.Data.Repositories.ProfissaoRepository::Dispose()
DA:70,14
DA:71,14
DA:72,14
DA:73,14
FN:13,System.Void CadFuncionario.Data.Repositories.ProfissaoRepository::.ctor(CadFuncionario.Data.Context)
FNDA:7,System.Void CadFuncionario.Data.Repositories.ProfissaoRepository::.ctor(CadFuncionario.Data.Context)
DA:14,7
DA:15,7
DA:16,7
DA:17,7
FN:19,System.Void CadFuncionario.Data.Repositories.ProfissaoRepository/<AdicionarAsync>d__2::MoveNext()
FNDA:1,System.Void CadFuncionario.Data.Repositories.ProfissaoRepository/<AdicionarAsync>d__2::MoveNext()
DA:20,1
DA:21,1
DA:22,1
DA:23,1
FN:25,System.Void CadFuncionario.Data.Repositories.ProfissaoRepository/<AdicionarStepAsync>d__3::MoveNext()
FNDA:1,System.Void CadFuncionario.Data.Repositories.ProfissaoRepository/<AdicionarStepAsync>d__3::MoveNext()
DA:26,1
DA:27,1
DA:28,1
DA:29,1
FN:31,System.Void CadFuncionario.Data.Repositories.ProfissaoRepository/<AtualizarAsync>d__4::MoveNext()
FNDA:1,System.Void CadFuncionario.Data.Repositories.ProfissaoRepository/<AtualizarAsync>d__4::MoveNext()
DA:32,1
DA:33,1
DA:34,1
DA:35,1
DA:37,1
DA:38,1
FN:40,System.Void CadFuncionario.Data.Repositories.ProfissaoRepository/<AtualizarStepAsync>d__5::MoveNext()
FNDA:1,System.Void CadFuncionario.Data.Repositories.ProfissaoRepository/<AtualizarStepAsync>d__5::MoveNext()
DA:41,1
DA:42,1
DA:43,1
DA:44,1
FN:46,System.Void CadFuncionario.Data.Repositories.ProfissaoRepository/<ObterAsync>d__6::MoveNext()
FNDA:1,System.Void CadFuncionario.Data.Repositories.ProfissaoRepository/<ObterAsync>d__6::MoveNext()
DA:47,1
DA:48,1
DA:49,1
DA:50,1
DA:51,1
DA:52,1
FN:54,System.Void CadFuncionario.Data.Repositories.ProfissaoRepository/<ObterStepAsync>d__7::MoveNext()
FNDA:1,System.Void CadFuncionario.Data.Repositories.ProfissaoRepository/<ObterStepAsync>d__7::MoveNext()
DA:55,1
DA:56,1
DA:57,1
DA:58,1
DA:59,1
FN:61,System.Void CadFuncionario.Data.Repositories.ProfissaoRepository/<ObterTodosAsync>d__8::MoveNext()
FNDA:1,System.Void CadFuncionario.Data.Repositories.ProfissaoRepository/<ObterTodosAsync>d__8::MoveNext()
DA:62,1
DA:63,1
DA:64,1
DA:65,1
DA:66,1
DA:67,1
LF:43
LH:43
BRF:0
BRH:0
FNF:9
FNH:9
end_of_record
SF:C:\Projetos\Aulas-PontoSys\Testes de software\CadFuncionario\src\CadFuncionario.Data\Maps\FuncionarioMap.cs
FN:9,System.Void CadFuncionario.Data.Maps.FuncionarioMap::Configure(Microsoft.EntityFrameworkCore.Metadata.Builders.EntityTypeBuilder`1<CadFuncionario.Domain.Entities.Funcionario>)
FNDA:1,System.Void CadFuncionario.Data.Maps.FuncionarioMap::Configure(Microsoft.EntityFrameworkCore.Metadata.Builders.EntityTypeBuilder`1<CadFuncionario.Domain.Entities.Funcionario>)
DA:10,1
DA:11,1
DA:13,1
DA:14,1
DA:15,1
DA:17,1
DA:18,1
DA:19,1
DA:20,1
DA:21,1
DA:23,1
DA:24,1
LF:12
LH:12
BRF:0
BRH:0
FNF:1
FNH:1
end_of_record
SF:C:\Projetos\Aulas-PontoSys\Testes de software\CadFuncionario\src\CadFuncionario.Data\Maps\ProfissaoMap.cs
FN:9,System.Void CadFuncionario.Data.Maps.ProfissaoMap::Configure(Microsoft.EntityFrameworkCore.Metadata.Builders.EntityTypeBuilder`1<CadFuncionario.Domain.Entities.Profissao>)
FNDA:1,System.Void CadFuncionario.Data.Maps.ProfissaoMap::Configure(Microsoft.EntityFrameworkCore.Metadata.Builders.EntityTypeBuilder`1<CadFuncionario.Domain.Entities.Profissao>)
DA:10,1
DA:11,1
DA:13,1
DA:14,1
DA:16,1
DA:17,1
LF:6
LH:6
BRF:0
BRH:0
FNF:1
FNH:1
end_of_record
SF:C:\Projetos\Aulas-PontoSys\Testes de software\CadFuncionario\src\CadFuncionario.Data\Maps\StepProfissaoMap.cs
FN:9,System.Void CadFuncionario.Data.Maps.StepProfissaoMap::Configure(Microsoft.EntityFrameworkCore.Metadata.Builders.EntityTypeBuilder`1<CadFuncionario.Domain.Entities.StepProfissao>)
FNDA:1,System.Void CadFuncionario.Data.Maps.StepProfissaoMap::Configure(Microsoft.EntityFrameworkCore.Metadata.Builders.EntityTypeBuilder`1<CadFuncionario.Domain.Entities.StepProfissao>)
DA:10,1
DA:11,1
DA:13,1
DA:14,1
DA:15,1
DA:17,1
DA:18,1
DA:20,1
DA:21,1
LF:9
LH:9
BRF:0
BRH:0
FNF:1
FNH:1
end_of_record
SF:C:\Projetos\Aulas-PontoSys\Testes de software\CadFuncionario\src\CadFuncionario.Domain\Entities\Funcionario.cs
FN:18,System.Guid CadFuncionario.Domain.Entities.Funcionario::get_FuncionarioId()
FNDA:0,System.Guid CadFuncionario.Domain.Entities.Funcionario::get_FuncionarioId()
DA:19,0
FN:19,System.Guid CadFuncionario.Domain.Entities.Funcionario::get_StepProfissaoId()
FNDA:0,System.Guid CadFuncionario.Domain.Entities.Funcionario::get_StepProfissaoId()
DA:20,0
FN:20,System.String CadFuncionario.Domain.Entities.Funcionario::get_Cpf()
FNDA:0,System.String CadFuncionario.Domain.Entities.Funcionario::get_Cpf()
DA:21,0
FN:21,System.String CadFuncionario.Domain.Entities.Funcionario::get_Rg()
FNDA:0,System.String CadFuncionario.Domain.Entities.Funcionario::get_Rg()
DA:22,0
FN:22,System.String CadFuncionario.Domain.Entities.Funcionario::get_Nome()
FNDA:0,System.String CadFuncionario.Domain.Entities.Funcionario::get_Nome()
DA:23,0
FN:23,System.String CadFuncionario.Domain.Entities.Funcionario::get_Ctps()
FNDA:0,System.String CadFuncionario.Domain.Entities.Funcionario::get_Ctps()
DA:24,0
FN:24,System.Nullable`1<System.DateTime> CadFuncionario.Domain.Entities.Funcionario::get_DataNascimento()
FNDA:0,System.Nullable`1<System.DateTime> CadFuncionario.Domain.Entities.Funcionario::get_DataNascimento()
DA:25,0
FN:26,CadFuncionario.Domain.Entities.StepProfissao CadFuncionario.Domain.Entities.Funcionario::get_StepProfissao()
FNDA:0,CadFuncionario.Domain.Entities.StepProfissao CadFuncionario.Domain.Entities.Funcionario::get_StepProfissao()
DA:27,0
FN:29,System.Void CadFuncionario.Domain.Entities.Funcionario::AlterarStep(System.Guid)
FNDA:0,System.Void CadFuncionario.Domain.Entities.Funcionario::AlterarStep(System.Guid)
DA:30,0
DA:31,0
DA:32,0
FN:34,System.Void CadFuncionario.Domain.Entities.Funcionario::AlterarDataNascimento(System.Nullable`1<System.DateTime>)
FNDA:0,System.Void CadFuncionario.Domain.Entities.Funcionario::AlterarDataNascimento(System.Nullable`1<System.DateTime>)
DA:35,0
DA:36,0
DA:37,0
FN:39,System.String CadFuncionario.Domain.Entities.Funcionario::ObterMensagemAniversario()
FNDA:0,System.String CadFuncionario.Domain.Entities.Funcionario::ObterMensagemAniversario()
DA:40,0
DA:41,0
DA:42,0
DA:44,0
DA:45,0
DA:46,0
DA:47,0
DA:48,0
DA:49,0
BRDA:41,20,0,0
BRDA:41,20,1,0
BRDA:45,65,0,0
BRDA:45,65,1,0
BRDA:45,97,0,0
BRDA:45,97,1,0
FN:7,System.Void CadFuncionario.Domain.Entities.Funcionario::.ctor(System.Guid,System.String,System.String,System.String,System.String,System.Nullable`1<System.DateTime>)
FNDA:0,System.Void CadFuncionario.Domain.Entities.Funcionario::.ctor(System.Guid,System.String,System.String,System.String,System.String,System.Nullable`1<System.DateTime>)
DA:8,0
DA:9,0
DA:10,0
DA:11,0
DA:12,0
DA:13,0
DA:14,0
DA:15,0
DA:16,0
DA:17,0
LF:33
LH:0
BRF:6
BRH:0
FNF:12
FNH:0
end_of_record
SF:C:\Projetos\Aulas-PontoSys\Testes de software\CadFuncionario\src\CadFuncionario.Domain\Entities\Profissao.cs
FN:17,System.Guid CadFuncionario.Domain.Entities.Profissao::get_ProfissaoId()
FNDA:127,System.Guid CadFuncionario.Domain.Entities.Profissao::get_ProfissaoId()
DA:18,127
FN:18,System.String CadFuncionario.Domain.Entities.Profissao::get_Descricao()
FNDA:129,System.String CadFuncionario.Domain.Entities.Profissao::get_Descricao()
DA:19,129
FN:19,System.Decimal CadFuncionario.Domain.Entities.Profissao::get_SalarioBase()
FNDA:127,System.Decimal CadFuncionario.Domain.Entities.Profissao::get_SalarioBase()
DA:20,127
FN:21,System.Collections.Generic.ICollection`1<CadFuncionario.Domain.Entities.StepProfissao> CadFuncionario.Domain.Entities.Profissao::get_StepProfissoes()
FNDA:85,System.Collections.Generic.ICollection`1<CadFuncionario.Domain.Entities.StepProfissao> CadFuncionario.Domain.Entities.Profissao::get_StepProfissoes()
DA:22,85
FN:24,System.Void CadFuncionario.Domain.Entities.Profissao::AlterarSalarioBase(System.Decimal)
FNDA:0,System.Void CadFuncionario.Domain.Entities.Profissao::AlterarSalarioBase(System.Decimal)
DA:25,0
DA:26,0
DA:27,0
FN:29,System.Void CadFuncionario.Domain.Entities.Profissao::AlterarDescricao(System.String)
FNDA:1,System.Void CadFuncionario.Domain.Entities.Profissao::AlterarDescricao(System.String)
DA:30,1
DA:31,1
DA:32,1
FN:8,System.Void CadFuncionario.Domain.Entities.Profissao::.ctor(System.Guid,System.String,System.Decimal)
FNDA:83,System.Void CadFuncionario.Domain.Entities.Profissao::.ctor(System.Guid,System.String,System.Decimal)
DA:9,83
DA:10,83
DA:11,83
DA:12,83
DA:13,83
DA:14,83
DA:15,83
DA:16,83
BRDA:11,20,0,82
BRDA:11,20,1,1
LF:18
LH:15
BRF:2
BRH:2
FNF:7
FNH:6
end_of_record
SF:C:\Projetos\Aulas-PontoSys\Testes de software\CadFuncionario\src\CadFuncionario.Domain\Entities\StepProfissao.cs
FN:17,System.Guid CadFuncionario.Domain.Entities.StepProfissao::get_StepProfissaoId()
FNDA:96,System.Guid CadFuncionario.Domain.Entities.StepProfissao::get_StepProfissaoId()
DA:18,96
FN:18,System.Guid CadFuncionario.Domain.Entities.StepProfissao::get_ProfissaoId()
FNDA:96,System.Guid CadFuncionario.Domain.Entities.StepProfissao::get_ProfissaoId()
DA:19,96
FN:19,System.Decimal CadFuncionario.Domain.Entities.StepProfissao::get_PercentualAumento()
FNDA:97,System.Decimal CadFuncionario.Domain.Entities.StepProfissao::get_PercentualAumento()
DA:20,97
FN:21,CadFuncionario.Domain.Entities.Profissao CadFuncionario.Domain.Entities.StepProfissao::get_Profissao()
FNDA:32,CadFuncionario.Domain.Entities.Profissao CadFuncionario.Domain.Entities.StepProfissao::get_Profissao()
DA:22,32
FN:22,System.Collections.Generic.ICollection`1<CadFuncionario.Domain.Entities.Funcionario> CadFuncionario.Domain.Entities.StepProfissao::get_Funcionarios()
FNDA:32,System.Collections.Generic.ICollection`1<CadFuncionario.Domain.Entities.Funcionario> CadFuncionario.Domain.Entities.StepProfissao::get_Funcionarios()
DA:23,32
FN:26,System.Void CadFuncionario.Domain.Entities.StepProfissao::AlterarPercentualAumento(System.Decimal)
FNDA:1,System.Void CadFuncionario.Domain.Entities.StepProfissao::AlterarPercentualAumento(System.Decimal)
DA:27,1
DA:28,1
DA:29,1
FN:8,System.Void CadFuncionario.Domain.Entities.StepProfissao::.ctor(System.Guid,System.Guid,System.Decimal)
FNDA:62,System.Void CadFuncionario.Domain.Entities.StepProfissao::.ctor(System.Guid,System.Guid,System.Decimal)
DA:9,62
DA:10,62
DA:11,62
DA:12,62
DA:13,62
DA:14,62
DA:15,62
DA:16,62
BRDA:11,20,0,61
BRDA:11,20,1,1
LF:16
LH:16
BRF:2
BRH:2
FNF:7
FNH:7
end_of_record
SF:C:\Projetos\Aulas-PontoSys\Testes de software\CadFuncionario\src\CadFuncionario.IoC\Configuration.cs
FN:13,System.Void CadFuncionario.IoC.Configuration::RegisterServicesIoc(Microsoft.Extensions.DependencyInjection.IServiceCollection)
FNDA:2,System.Void CadFuncionario.IoC.Configuration::RegisterServicesIoc(Microsoft.Extensions.DependencyInjection.IServiceCollection)
DA:14,2
DA:17,2
DA:18,2
DA:24,2
DA:25,2
DA:28,2
LF:6
LH:6
BRF:0
BRH:0
FNF:1
FNH:1
end_of_record
SF:C:\Projetos\Aulas-PontoSys\Testes de software\CadFuncionario\src\CadFuncionario.Validations\FuncionarioValidation.cs
FN:7,System.Void CadFuncionario.Validations.FuncionarioValidation::.ctor()
FNDA:0,System.Void CadFuncionario.Validations.FuncionarioValidation::.ctor()
DA:8,0
DA:9,0
DA:10,0
DA:11,0
DA:13,0
DA:14,0
DA:15,0
DA:17,0
DA:18,0
DA:19,0
DA:21,0
DA:22,0
DA:23,0
DA:25,0
DA:26,0
DA:27,0
DA:28,0
LF:17
LH:0
BRF:0
BRH:0
FNF:1
FNH:0
end_of_record
SF:C:\Projetos\Aulas-PontoSys\Testes de software\CadFuncionario\src\CadFuncionario.Validations\ProfissaoValidation.cs
FN:7,System.Void CadFuncionario.Validations.ProfissaoValidation::.ctor(System.Boolean)
FNDA:2,System.Void CadFuncionario.Validations.ProfissaoValidation::.ctor(System.Boolean)
DA:8,2
DA:9,2
DA:10,2
DA:11,2
DA:12,2
DA:14,2
DA:15,2
DA:17,2
DA:18,1
DA:19,1
DA:20,2
BRDA:17,189,0,1
BRDA:17,189,1,2
LF:11
LH:11
BRF:2
BRH:2
FNF:1
FNH:1
end_of_record
SF:C:\Projetos\Aulas-PontoSys\Testes de software\CadFuncionario\src\CadFuncionario.Validations\StepProfissaoValidation.cs
FN:7,System.Void CadFuncionario.Validations.StepProfissaoValidation::.ctor()
FNDA:3,System.Void CadFuncionario.Validations.StepProfissaoValidation::.ctor()
DA:8,3
DA:9,3
DA:10,3
DA:11,3
DA:13,3
DA:14,3
DA:15,3
LF:7
LH:7
BRF:0
BRH:0
FNF:1
FNH:1
end_of_record