SF:C:\Projetos\Curso\CursoTestesAutomatizados\CadFuncionario\src\CadFuncionario.AppService.cs\FuncionarioAppService.cs
FN:40,System.Void CadFuncionario.AppService.cs.FuncionarioAppService::Dispose()
FNDA:0,System.Void CadFuncionario.AppService.cs.FuncionarioAppService::Dispose()
DA:41,0
DA:42,0
DA:43,0
BRDA:42,8,0,0
BRDA:42,8,1,0
FN:16,System.Void CadFuncionario.AppService.cs.FuncionarioAppService::.ctor(CadFuncionario.Core.Services.Interfaces.INotificationService,CadFuncionario.Domain.Interfaces.Data.IFuncionarioRepository)
FNDA:7,System.Void CadFuncionario.AppService.cs.FuncionarioAppService::.ctor(CadFuncionario.Core.Services.Interfaces.INotificationService,CadFuncionario.Domain.Interfaces.Data.IFuncionarioRepository)
DA:17,7
DA:18,7
DA:19,7
DA:20,7
FN:22,System.Void CadFuncionario.AppService.cs.FuncionarioAppService/<AdicionarAsync>d__2::MoveNext()
FNDA:2,System.Void CadFuncionario.AppService.cs.FuncionarioAppService/<AdicionarAsync>d__2::MoveNext()
DA:23,2
DA:24,2
DA:25,1
DA:27,1
DA:28,1
DA:29,2
BRDA:24,42,0,1
BRDA:24,42,1,1
FN:31,System.Void CadFuncionario.AppService.cs.FuncionarioAppService/<AtualizarAsync>d__3::MoveNext()
FNDA:2,System.Void CadFuncionario.AppService.cs.FuncionarioAppService/<AtualizarAsync>d__3::MoveNext()
DA:32,2
DA:33,2
DA:34,1
DA:36,1
DA:37,1
DA:38,2
BRDA:33,42,0,1
BRDA:33,42,1,1
FN:45,System.Void CadFuncionario.AppService.cs.FuncionarioAppService/<ObterAsync>d__5::MoveNext()
FNDA:2,System.Void CadFuncionario.AppService.cs.FuncionarioAppService/<ObterAsync>d__5::MoveNext()
DA:46,2
DA:47,2
DA:48,1
DA:50,1
DA:51,1
DA:52,2
BRDA:47,33,0,1
BRDA:47,33,1,1
FN:54,System.Void CadFuncionario.AppService.cs.FuncionarioAppService/<ObterTodosAsync>d__6::MoveNext()
FNDA:1,System.Void CadFuncionario.AppService.cs.FuncionarioAppService/<ObterTodosAsync>d__6::MoveNext()
DA:55,1
DA:56,1
DA:57,1
LF:28
LH:25
BRF:8
BRH:6
FNF:6
FNH:5
end_of_record
SF:C:\Projetos\Curso\CursoTestesAutomatizados\CadFuncionario\src\CadFuncionario.AppService.cs\AppServiceBase.cs
FN:17,System.Boolean CadFuncionario.Application.AppServiceBase::Validar(TV,TE)
FNDA:12,System.Boolean CadFuncionario.Application.AppServiceBase::Validar(TV,TE)
DA:18,12
DA:19,12
DA:20,12
DA:21,6
DA:23,6
DA:24,6
DA:25,12
BRDA:20,22,0,6
BRDA:20,22,1,6
FN:26,System.Void CadFuncionario.Application.AppServiceBase::Notify(System.String)
FNDA:1,System.Void CadFuncionario.Application.AppServiceBase::Notify(System.String)
DA:27,1
FN:28,System.Void CadFuncionario.Application.AppServiceBase::Notify(FluentValidation.Results.ValidationResult)
FNDA:26,System.Void CadFuncionario.Application.AppServiceBase::Notify(FluentValidation.Results.ValidationResult)
DA:29,26
FN:30,System.Void CadFuncionario.Application.AppServiceBase::Notify(System.String,System.String)
FNDA:2,System.Void CadFuncionario.Application.AppServiceBase::Notify(System.String,System.String)
DA:31,2
FN:11,System.Void CadFuncionario.Application.AppServiceBase::.ctor(CadFuncionario.Core.Services.Interfaces.INotificationService)
FNDA:20,System.Void CadFuncionario.Application.AppServiceBase::.ctor(CadFuncionario.Core.Services.Interfaces.INotificationService)
DA:12,20
DA:13,20
DA:14,20
DA:15,20
LF:14
LH:14
BRF:2
BRH:2
FNF:5
FNH:5
end_of_record
SF:C:\Projetos\Curso\CursoTestesAutomatizados\CadFuncionario\src\CadFuncionario.AppService.cs\ProfissaoAppService.cs
FN:82,System.Void CadFuncionario.Application.ProfissaoAppService::Dispose()
FNDA:0,System.Void CadFuncionario.Application.ProfissaoAppService::Dispose()
DA:83,0
DA:84,0
DA:85,0
BRDA:84,8,0,0
BRDA:84,8,1,0
FN:16,System.Void CadFuncionario.Application.ProfissaoAppService::.ctor(CadFuncionario.Core.Services.Interfaces.INotificationService,CadFuncionario.Domain.Interfaces.Data.IProfissaoRepository)
FNDA:13,System.Void CadFuncionario.Application.ProfissaoAppService::.ctor(CadFuncionario.Core.Services.Interfaces.INotificationService,CadFuncionario.Domain.Interfaces.Data.IProfissaoRepository)
DA:17,13
DA:18,13
DA:19,13
DA:20,13
FN:23,System.Void CadFuncionario.Application.ProfissaoAppService/<AdicionarAsync>d__2::MoveNext()
FNDA:2,System.Void CadFuncionario.Application.ProfissaoAppService/<AdicionarAsync>d__2::MoveNext()
DA:24,2
DA:25,2
DA:26,1
DA:28,1
DA:29,1
DA:30,2
BRDA:25,43,0,1
BRDA:25,43,1,1
FN:32,System.Void CadFuncionario.Application.ProfissaoAppService/<AdicionarStepAsync>d__3::MoveNext()
FNDA:2,System.Void CadFuncionario.Application.ProfissaoAppService/<AdicionarStepAsync>d__3::MoveNext()
DA:33,2
DA:34,2
DA:35,1
DA:37,1
DA:38,1
DA:39,2
BRDA:34,42,0,1
BRDA:34,42,1,1
FN:41,System.Void CadFuncionario.Application.ProfissaoAppService/<AtualizarAsync>d__4::MoveNext()
FNDA:2,System.Void CadFuncionario.Application.ProfissaoAppService/<AtualizarAsync>d__4::MoveNext()
DA:42,2
DA:43,2
DA:44,1
DA:46,1
DA:47,1
DA:48,2
BRDA:43,43,0,1
BRDA:43,43,1,1
FN:50,System.Void CadFuncionario.Application.ProfissaoAppService/<AtualizarStepAsync>d__5::MoveNext()
FNDA:2,System.Void CadFuncionario.Application.ProfissaoAppService/<AtualizarStepAsync>d__5::MoveNext()
DA:51,2
DA:52,2
DA:53,1
DA:55,1
DA:56,1
DA:57,2
BRDA:52,42,0,1
BRDA:52,42,1,1
FN:59,System.Void CadFuncionario.Application.ProfissaoAppService/<ObterAsync>d__6::MoveNext()
FNDA:2,System.Void CadFuncionario.Application.ProfissaoAppService/<ObterAsync>d__6::MoveNext()
DA:60,2
DA:61,2
DA:62,1
DA:64,1
DA:65,1
DA:66,2
BRDA:61,33,0,1
BRDA:61,33,1,1
FN:68,System.Void CadFuncionario.Application.ProfissaoAppService/<ObterStepAsync>d__7::MoveNext()
FNDA:2,System.Void CadFuncionario.Application.ProfissaoAppService/<ObterStepAsync>d__7::MoveNext()
DA:69,2
DA:70,2
DA:71,1
DA:73,1
DA:74,1
DA:75,2
BRDA:70,33,0,1
BRDA:70,33,1,1
FN:77,System.Void CadFuncionario.Application.ProfissaoAppService/<ObterTodosAsync>d__8::MoveNext()
FNDA:1,System.Void CadFuncionario.Application.ProfissaoAppService/<ObterTodosAsync>d__8::MoveNext()
DA:78,1
DA:79,1
DA:80,1
LF:46
LH:43
BRF:14
BRH:12
FNF:9
FNH:8
end_of_record
SF:C:\Projetos\Curso\CursoTestesAutomatizados\CadFuncionario\src\CadFuncionario.Core\Services\NotificationService.cs
FN:18,System.Void CadFuncionario.Core.Services.NotificationService::Add(CadFuncionario.Core.DomainObjects.NotificationMessage)
FNDA:0,System.Void CadFuncionario.Core.Services.NotificationService::Add(CadFuncionario.Core.DomainObjects.NotificationMessage)
DA:19,0
FN:20,System.Void CadFuncionario.Core.Services.NotificationService::Add(FluentValidation.Results.ValidationFailure)
FNDA:0,System.Void CadFuncionario.Core.Services.NotificationService::Add(FluentValidation.Results.ValidationFailure)
DA:21,0
FN:22,System.Collections.Generic.List`1<CadFuncionario.Core.DomainObjects.NotificationMessage> CadFuncionario.Core.Services.NotificationService::GetMessages()
FNDA:0,System.Collections.Generic.List`1<CadFuncionario.Core.DomainObjects.NotificationMessage> CadFuncionario.Core.Services.NotificationService::GetMessages()
DA:23,0
FN:24,System.Collections.Generic.List`1<FluentValidation.Results.ValidationFailure> CadFuncionario.Core.Services.NotificationService::GetValidationFailures()
FNDA:0,System.Collections.Generic.List`1<FluentValidation.Results.ValidationFailure> CadFuncionario.Core.Services.NotificationService::GetValidationFailures()
DA:25,0
FN:28,System.Void CadFuncionario.Core.Services.NotificationService::Clear()
FNDA:0,System.Void CadFuncionario.Core.Services.NotificationService::Clear()
DA:29,0
DA:30,0
DA:31,0
DA:32,0
FN:12,System.Void CadFuncionario.Core.Services.NotificationService::.ctor()
FNDA:0,System.Void CadFuncionario.Core.Services.NotificationService::.ctor()
DA:13,0
DA:14,0
DA:15,0
DA:16,0
LF:12
LH:0
BRF:0
BRH:0
FNF:6
FNH:0
end_of_record
SF:C:\Projetos\Curso\CursoTestesAutomatizados\CadFuncionario\src\CadFuncionario.Core\DomainObjects\NotificationMessage.cs
FN:9,System.String CadFuncionario.Core.DomainObjects.NotificationMessage::get_Message()
FNDA:0,System.String CadFuncionario.Core.DomainObjects.NotificationMessage::get_Message()
DA:10,0
FN:4,System.Void CadFuncionario.Core.DomainObjects.NotificationMessage::.ctor(System.String)
FNDA:1,System.Void CadFuncionario.Core.DomainObjects.NotificationMessage::.ctor(System.String)
DA:5,1
DA:6,1
DA:7,1
DA:8,1
LF:5
LH:4
BRF:0
BRH:0
FNF:2
FNH:1
end_of_record
SF:C:\Projetos\Curso\CursoTestesAutomatizados\CadFuncionario\src\CadFuncionario.Data\Context.cs
FN:13,Microsoft.EntityFrameworkCore.DbSet`1<CadFuncionario.Domain.Entities.Profissao> CadFuncionario.Data.Context::get_Profissoes()
FNDA:0,Microsoft.EntityFrameworkCore.DbSet`1<CadFuncionario.Domain.Entities.Profissao> CadFuncionario.Data.Context::get_Profissoes()
DA:14,0
FN:14,Microsoft.EntityFrameworkCore.DbSet`1<CadFuncionario.Domain.Entities.StepProfissao> CadFuncionario.Data.Context::get_StepProfissoes()
FNDA:0,Microsoft.EntityFrameworkCore.DbSet`1<CadFuncionario.Domain.Entities.StepProfissao> CadFuncionario.Data.Context::get_StepProfissoes()
DA:15,0
FN:15,Microsoft.EntityFrameworkCore.DbSet`1<CadFuncionario.Domain.Entities.Funcionario> CadFuncionario.Data.Context::get_Funcionarios()
FNDA:0,Microsoft.EntityFrameworkCore.DbSet`1<CadFuncionario.Domain.Entities.Funcionario> CadFuncionario.Data.Context::get_Funcionarios()
DA:16,0
FN:18,System.Void CadFuncionario.Data.Context::OnModelCreating(Microsoft.EntityFrameworkCore.ModelBuilder)
FNDA:0,System.Void CadFuncionario.Data.Context::OnModelCreating(Microsoft.EntityFrameworkCore.ModelBuilder)
DA:19,0
DA:20,0
DA:21,0
DA:22,0
DA:24,0
DA:25,0
FN:8,System.Void CadFuncionario.Data.Context::.ctor(Microsoft.EntityFrameworkCore.DbContextOptions)
FNDA:0,System.Void CadFuncionario.Data.Context::.ctor(Microsoft.EntityFrameworkCore.DbContextOptions)
DA:9,0
DA:10,0
DA:12,0
LF:12
LH:0
BRF:0
BRH:0
FNF:5
FNH:0
end_of_record
SF:C:\Projetos\Curso\CursoTestesAutomatizados\CadFuncionario\src\CadFuncionario.Data\Repositories\FuncionarioRepository.cs
FN:48,System.Void CadFuncionario.Data.Repositories.FuncionarioRepository::Dispose()
FNDA:0,System.Void CadFuncionario.Data.Repositories.FuncionarioRepository::Dispose()
DA:49,0
DA:50,0
DA:51,0
DA:52,0
FN:13,System.Void CadFuncionario.Data.Repositories.FuncionarioRepository::.ctor(CadFuncionario.Data.Context)
FNDA:0,System.Void CadFuncionario.Data.Repositories.FuncionarioRepository::.ctor(CadFuncionario.Data.Context)
DA:14,0
DA:15,0
DA:16,0
DA:17,0
FN:20,System.Void CadFuncionario.Data.Repositories.FuncionarioRepository/<AdicionarAsync>d__2::MoveNext()
FNDA:0,System.Void CadFuncionario.Data.Repositories.FuncionarioRepository/<AdicionarAsync>d__2::MoveNext()
DA:21,0
DA:22,0
DA:23,0
DA:24,0
FN:26,System.Void CadFuncionario.Data.Repositories.FuncionarioRepository/<AtualizarAsync>d__3::MoveNext()
FNDA:0,System.Void CadFuncionario.Data.Repositories.FuncionarioRepository/<AtualizarAsync>d__3::MoveNext()
DA:27,0
DA:28,0
DA:29,0
DA:30,0
FN:32,System.Void CadFuncionario.Data.Repositories.FuncionarioRepository/<ObterAsync>d__4::MoveNext()
FNDA:0,System.Void CadFuncionario.Data.Repositories.FuncionarioRepository/<ObterAsync>d__4::MoveNext()
DA:33,0
DA:34,0
DA:35,0
DA:36,0
DA:37,0
DA:38,0
FN:40,System.Void CadFuncionario.Data.Repositories.FuncionarioRepository/<ObterTodosAsync>d__5::MoveNext()
FNDA:0,System.Void CadFuncionario.Data.Repositories.FuncionarioRepository/<ObterTodosAsync>d__5::MoveNext()
DA:41,0
DA:42,0
DA:43,0
DA:44,0
DA:45,0
DA:46,0
LF:28
LH:0
BRF:0
BRH:0
FNF:6
FNH:0
end_of_record
SF:C:\Projetos\Curso\CursoTestesAutomatizados\CadFuncionario\src\CadFuncionario.Data\Repositories\ProfissaoRepository.cs
FN:69,System.Void CadFuncionario.Data.Repositories.ProfissaoRepository::Dispose()
FNDA:0,System.Void CadFuncionario.Data.Repositories.ProfissaoRepository::Dispose()
DA:70,0
DA:71,0
DA:72,0
DA:73,0
FN:13,System.Void CadFuncionario.Data.Repositories.ProfissaoRepository::.ctor(CadFuncionario.Data.Context)
FNDA:0,System.Void CadFuncionario.Data.Repositories.ProfissaoRepository::.ctor(CadFuncionario.Data.Context)
DA:14,0
DA:15,0
DA:16,0
DA:17,0
FN:19,System.Void CadFuncionario.Data.Repositories.ProfissaoRepository/<AdicionarAsync>d__2::MoveNext()
FNDA:0,System.Void CadFuncionario.Data.Repositories.ProfissaoRepository/<AdicionarAsync>d__2::MoveNext()
DA:20,0
DA:21,0
DA:22,0
DA:23,0
FN:25,System.Void CadFuncionario.Data.Repositories.ProfissaoRepository/<AdicionarStepAsync>d__3::MoveNext()
FNDA:0,System.Void CadFuncionario.Data.Repositories.ProfissaoRepository/<AdicionarStepAsync>d__3::MoveNext()
DA:26,0
DA:27,0
DA:28,0
DA:29,0
FN:31,System.Void CadFuncionario.Data.Repositories.ProfissaoRepository/<AtualizarAsync>d__4::MoveNext()
FNDA:0,System.Void CadFuncionario.Data.Repositories.ProfissaoRepository/<AtualizarAsync>d__4::MoveNext()
DA:32,0
DA:33,0
DA:34,0
DA:35,0
DA:37,0
DA:38,0
FN:40,System.Void CadFuncionario.Data.Repositories.ProfissaoRepository/<AtualizarStepAsync>d__5::MoveNext()
FNDA:0,System.Void CadFuncionario.Data.Repositories.ProfissaoRepository/<AtualizarStepAsync>d__5::MoveNext()
DA:41,0
DA:42,0
DA:43,0
DA:44,0
FN:46,System.Void CadFuncionario.Data.Repositories.ProfissaoRepository/<ObterAsync>d__6::MoveNext()
FNDA:0,System.Void CadFuncionario.Data.Repositories.ProfissaoRepository/<ObterAsync>d__6::MoveNext()
DA:47,0
DA:48,0
DA:49,0
DA:50,0
DA:51,0
DA:52,0
FN:54,System.Void CadFuncionario.Data.Repositories.ProfissaoRepository/<ObterStepAsync>d__7::MoveNext()
FNDA:0,System.Void CadFuncionario.Data.Repositories.ProfissaoRepository/<ObterStepAsync>d__7::MoveNext()
DA:55,0
DA:56,0
DA:57,0
DA:58,0
DA:59,0
FN:61,System.Void CadFuncionario.Data.Repositories.ProfissaoRepository/<ObterTodosAsync>d__8::MoveNext()
FNDA:0,System.Void CadFuncionario.Data.Repositories.ProfissaoRepository/<ObterTodosAsync>d__8::MoveNext()
DA:62,0
DA:63,0
DA:64,0
DA:65,0
DA:66,0
DA:67,0
LF:43
LH:0
BRF:0
BRH:0
FNF:9
FNH:0
end_of_record
SF:C:\Projetos\Curso\CursoTestesAutomatizados\CadFuncionario\src\CadFuncionario.Data\Maps\FuncionarioMap.cs
FN:9,System.Void CadFuncionario.Data.Maps.FuncionarioMap::Configure(Microsoft.EntityFrameworkCore.Metadata.Builders.EntityTypeBuilder`1<CadFuncionario.Domain.Entities.Funcionario>)
FNDA:0,System.Void CadFuncionario.Data.Maps.FuncionarioMap::Configure(Microsoft.EntityFrameworkCore.Metadata.Builders.EntityTypeBuilder`1<CadFuncionario.Domain.Entities.Funcionario>)
DA:10,0
DA:11,0
DA:13,0
DA:14,0
DA:15,0
DA:17,0
DA:18,0
DA:19,0
DA:20,0
DA:21,0
DA:23,0
DA:24,0
LF:12
LH:0
BRF:0
BRH:0
FNF:1
FNH:0
end_of_record
SF:C:\Projetos\Curso\CursoTestesAutomatizados\CadFuncionario\src\CadFuncionario.Data\Maps\ProfissaoMap.cs
FN:9,System.Void CadFuncionario.Data.Maps.ProfissaoMap::Configure(Microsoft.EntityFrameworkCore.Metadata.Builders.EntityTypeBuilder`1<CadFuncionario.Domain.Entities.Profissao>)
FNDA:0,System.Void CadFuncionario.Data.Maps.ProfissaoMap::Configure(Microsoft.EntityFrameworkCore.Metadata.Builders.EntityTypeBuilder`1<CadFuncionario.Domain.Entities.Profissao>)
DA:10,0
DA:11,0
DA:13,0
DA:14,0
DA:16,0
DA:17,0
LF:6
LH:0
BRF:0
BRH:0
FNF:1
FNH:0
end_of_record
SF:C:\Projetos\Curso\CursoTestesAutomatizados\CadFuncionario\src\CadFuncionario.Data\Maps\StepProfissaoMap.cs
FN:9,System.Void CadFuncionario.Data.Maps.StepProfissaoMap::Configure(Microsoft.EntityFrameworkCore.Metadata.Builders.EntityTypeBuilder`1<CadFuncionario.Domain.Entities.StepProfissao>)
FNDA:0,System.Void CadFuncionario.Data.Maps.StepProfissaoMap::Configure(Microsoft.EntityFrameworkCore.Metadata.Builders.EntityTypeBuilder`1<CadFuncionario.Domain.Entities.StepProfissao>)
DA:10,0
DA:11,0
DA:13,0
DA:14,0
DA:15,0
DA:17,0
DA:18,0
DA:20,0
DA:21,0
LF:9
LH:0
BRF:0
BRH:0
FNF:1
FNH:0
end_of_record
SF:C:\Projetos\Curso\CursoTestesAutomatizados\CadFuncionario\src\CadFuncionario.Domain\Entities\Funcionario.cs
FN:20,System.Guid CadFuncionario.Domain.Entities.Funcionario::get_FuncionarioId()
FNDA:8,System.Guid CadFuncionario.Domain.Entities.Funcionario::get_FuncionarioId()
DA:21,8
FN:21,System.Guid CadFuncionario.Domain.Entities.Funcionario::get_StepProfissaoId()
FNDA:12,System.Guid CadFuncionario.Domain.Entities.Funcionario::get_StepProfissaoId()
DA:22,12
FN:22,System.String CadFuncionario.Domain.Entities.Funcionario::get_Cpf()
FNDA:12,System.String CadFuncionario.Domain.Entities.Funcionario::get_Cpf()
DA:23,12
FN:23,System.String CadFuncionario.Domain.Entities.Funcionario::get_Rg()
FNDA:12,System.String CadFuncionario.Domain.Entities.Funcionario::get_Rg()
DA:24,12
FN:24,System.String CadFuncionario.Domain.Entities.Funcionario::get_Nome()
FNDA:12,System.String CadFuncionario.Domain.Entities.Funcionario::get_Nome()
DA:25,12
FN:25,System.String CadFuncionario.Domain.Entities.Funcionario::get_Ctps()
FNDA:12,System.String CadFuncionario.Domain.Entities.Funcionario::get_Ctps()
DA:26,12
FN:26,System.Nullable`1<System.DateTime> CadFuncionario.Domain.Entities.Funcionario::get_DataNascimento()
FNDA:8,System.Nullable`1<System.DateTime> CadFuncionario.Domain.Entities.Funcionario::get_DataNascimento()
DA:27,8
FN:28,CadFuncionario.Domain.Entities.StepProfissao CadFuncionario.Domain.Entities.Funcionario::get_StepProfissao()
FNDA:0,CadFuncionario.Domain.Entities.StepProfissao CadFuncionario.Domain.Entities.Funcionario::get_StepProfissao()
DA:29,0
FN:31,System.Void CadFuncionario.Domain.Entities.Funcionario::AlterarStep(System.Guid)
FNDA:0,System.Void CadFuncionario.Domain.Entities.Funcionario::AlterarStep(System.Guid)
DA:32,0
DA:33,0
DA:34,0
FN:36,System.Void CadFuncionario.Domain.Entities.Funcionario::AlterarDataNascimento(System.Nullable`1<System.DateTime>)
FNDA:0,System.Void CadFuncionario.Domain.Entities.Funcionario::AlterarDataNascimento(System.Nullable`1<System.DateTime>)
DA:37,0
DA:38,0
DA:39,0
FN:41,System.String CadFuncionario.Domain.Entities.Funcionario::ObterMensagemAniversario()
FNDA:0,System.String CadFuncionario.Domain.Entities.Funcionario::ObterMensagemAniversario()
DA:42,0
DA:43,0
DA:44,0
DA:46,0
DA:47,0
DA:48,0
DA:49,0
DA:50,0
DA:51,0
BRDA:43,20,0,0
BRDA:43,20,1,0
BRDA:47,65,0,0
BRDA:47,65,1,0
BRDA:47,97,0,0
BRDA:47,97,1,0
FN:7,System.Void CadFuncionario.Domain.Entities.Funcionario::.ctor(System.Guid,System.Guid,System.String,System.String,System.String,System.String,System.Nullable`1<System.DateTime>)
FNDA:8,System.Void CadFuncionario.Domain.Entities.Funcionario::.ctor(System.Guid,System.Guid,System.String,System.String,System.String,System.String,System.Nullable`1<System.DateTime>)
DA:8,8
DA:9,8
DA:10,8
DA:11,8
DA:12,8
DA:13,8
DA:14,8
DA:15,8
DA:16,8
DA:17,8
DA:18,8
DA:19,8
BRDA:10,20,0,0
BRDA:10,20,1,8
LF:35
LH:19
BRF:8
BRH:1
FNF:12
FNH:8
end_of_record
SF:C:\Projetos\Curso\CursoTestesAutomatizados\CadFuncionario\src\CadFuncionario.Domain\Entities\Profissao.cs
FN:18,System.Guid CadFuncionario.Domain.Entities.Profissao::get_ProfissaoId()
FNDA:8,System.Guid CadFuncionario.Domain.Entities.Profissao::get_ProfissaoId()
DA:19,8
FN:19,System.String CadFuncionario.Domain.Entities.Profissao::get_Descricao()
FNDA:12,System.String CadFuncionario.Domain.Entities.Profissao::get_Descricao()
DA:20,12
FN:22,System.Decimal CadFuncionario.Domain.Entities.Profissao::get_SalarioBase()
FNDA:12,System.Decimal CadFuncionario.Domain.Entities.Profissao::get_SalarioBase()
DA:23,12
FN:24,System.Collections.Generic.ICollection`1<CadFuncionario.Domain.Entities.StepProfissao> CadFuncionario.Domain.Entities.Profissao::get_StepProfissoes()
FNDA:2,System.Collections.Generic.ICollection`1<CadFuncionario.Domain.Entities.StepProfissao> CadFuncionario.Domain.Entities.Profissao::get_StepProfissoes()
DA:25,2
FN:27,System.Void CadFuncionario.Domain.Entities.Profissao::AlterarSalarioBase(System.Decimal)
FNDA:0,System.Void CadFuncionario.Domain.Entities.Profissao::AlterarSalarioBase(System.Decimal)
DA:28,0
DA:29,0
DA:30,0
FN:32,System.Void CadFuncionario.Domain.Entities.Profissao::AlterarDescricao(System.String)
FNDA:0,System.Void CadFuncionario.Domain.Entities.Profissao::AlterarDescricao(System.String)
DA:33,0
DA:34,0
DA:35,0
FN:9,System.Void CadFuncionario.Domain.Entities.Profissao::.ctor(System.Guid,System.String,System.Decimal)
FNDA:8,System.Void CadFuncionario.Domain.Entities.Profissao::.ctor(System.Guid,System.String,System.Decimal)
DA:10,8
DA:11,8
DA:12,8
DA:13,8
DA:14,8
DA:15,8
DA:16,8
DA:17,8
BRDA:12,20,0,0
BRDA:12,20,1,8
LF:18
LH:12
BRF:2
BRH:1
FNF:7
FNH:5
end_of_record
SF:C:\Projetos\Curso\CursoTestesAutomatizados\CadFuncionario\src\CadFuncionario.Domain\Entities\StepProfissao.cs
FN:17,System.Guid CadFuncionario.Domain.Entities.StepProfissao::get_StepProfissaoId()
FNDA:5,System.Guid CadFuncionario.Domain.Entities.StepProfissao::get_StepProfissaoId()
DA:18,5
FN:18,System.Guid CadFuncionario.Domain.Entities.StepProfissao::get_ProfissaoId()
FNDA:9,System.Guid CadFuncionario.Domain.Entities.StepProfissao::get_ProfissaoId()
DA:19,9
FN:19,System.Decimal CadFuncionario.Domain.Entities.StepProfissao::get_PercentualAumento()
FNDA:9,System.Decimal CadFuncionario.Domain.Entities.StepProfissao::get_PercentualAumento()
DA:20,9
FN:21,CadFuncionario.Domain.Entities.Profissao CadFuncionario.Domain.Entities.StepProfissao::get_Profissao()
FNDA:0,CadFuncionario.Domain.Entities.Profissao CadFuncionario.Domain.Entities.StepProfissao::get_Profissao()
DA:22,0
FN:22,System.Collections.Generic.ICollection`1<CadFuncionario.Domain.Entities.Funcionario> CadFuncionario.Domain.Entities.StepProfissao::get_Funcionarios()
FNDA:0,System.Collections.Generic.ICollection`1<CadFuncionario.Domain.Entities.Funcionario> CadFuncionario.Domain.Entities.StepProfissao::get_Funcionarios()
DA:23,0
FN:26,System.Void CadFuncionario.Domain.Entities.StepProfissao::AlterarPercentualAumento(System.Decimal)
FNDA:0,System.Void CadFuncionario.Domain.Entities.StepProfissao::AlterarPercentualAumento(System.Decimal)
DA:27,0
DA:28,0
DA:29,0
FN:8,System.Void CadFuncionario.Domain.Entities.StepProfissao::.ctor(System.Guid,System.Guid,System.Decimal)
FNDA:5,System.Void CadFuncionario.Domain.Entities.StepProfissao::.ctor(System.Guid,System.Guid,System.Decimal)
DA:9,5
DA:10,5
DA:11,5
DA:12,5
DA:13,5
DA:14,5
DA:15,5
DA:16,5
BRDA:11,20,0,0
BRDA:11,20,1,5
LF:16
LH:11
BRF:2
BRH:1
FNF:7
FNH:4
end_of_record
SF:C:\Projetos\Curso\CursoTestesAutomatizados\CadFuncionario\src\CadFuncionario.Validations\FuncionarioValidation.cs
FN:7,System.Void CadFuncionario.Validations.FuncionarioValidation::.ctor()
FNDA:4,System.Void CadFuncionario.Validations.FuncionarioValidation::.ctor()
DA:8,4
DA:9,4
DA:10,4
DA:11,4
DA:13,4
DA:14,4
DA:15,4
DA:17,4
DA:18,4
DA:19,4
DA:21,4
DA:22,4
DA:23,4
DA:25,4
DA:26,4
DA:27,4
DA:28,4
LF:17
LH:17
BRF:0
BRH:0
FNF:1
FNH:1
end_of_record
SF:C:\Projetos\Curso\CursoTestesAutomatizados\CadFuncionario\src\CadFuncionario.Validations\ProfissaoValidation.cs
FN:7,System.Void CadFuncionario.Validations.ProfissaoValidation::.ctor(System.Boolean)
FNDA:4,System.Void CadFuncionario.Validations.ProfissaoValidation::.ctor(System.Boolean)
DA:8,4
DA:9,4
DA:10,4
DA:11,4
DA:12,4
DA:14,4
DA:15,4
DA:17,4
DA:18,2
DA:19,2
DA:20,4
BRDA:17,189,0,2
BRDA:17,189,1,4
LF:11
LH:11
BRF:2
BRH:2
FNF:1
FNH:1
end_of_record
SF:C:\Projetos\Curso\CursoTestesAutomatizados\CadFuncionario\src\CadFuncionario.Validations\StepProfissaoValidation.cs
FN:7,System.Void CadFuncionario.Validations.StepProfissaoValidation::.ctor()
FNDA:6,System.Void CadFuncionario.Validations.StepProfissaoValidation::.ctor()
DA:8,6
DA:9,6
DA:10,6
DA:11,6
DA:13,6
DA:14,6
DA:15,6
LF:7
LH:7
BRF:0
BRH:0
FNF:1
FNH:1
end_of_record